<?xml version="1.0" encoding="UTF-8"?>
<testsuite name="com.example.leetcode.LongestSubStringTest" tests="4" skipped="0" failures="0" errors="0" timestamp="2022-01-29T11:04:13" hostname="Nicholass-MBP-3" time="0.005">
  <properties/>
  <testcase name="[1] s=[abcabcbb, 3]" classname="com.example.leetcode.LongestSubStringTest" time="0.002"/>
  <testcase name="[2] s=[bbbbb, 1]" classname="com.example.leetcode.LongestSubStringTest" time="0.001"/>
  <testcase name="[3] s=[pwwkew, 3]" classname="com.example.leetcode.LongestSubStringTest" time="0.001"/>
  <testcase name="[4] s=[, 0]" classname="com.example.leetcode.LongestSubStringTest" time="0.001"/>
  <system-out><![CDATA[]]></system-out>
  <system-err><![CDATA[]]></system-err>
</testsuite>
