<?xml version="1.0" encoding="UTF-8"?>
<testsuite name="com.example.leetcode.TwoSumTest" tests="1" skipped="0" failures="0" errors="0" timestamp="2021-11-16T07:15:42" hostname="Nicholass-MacBook-Pro-3.local" time="0.031">
  <properties/>
  <testcase name="two sum output is correct()" classname="com.example.leetcode.TwoSumTest" time="0.031"/>
  <system-out><![CDATA[]]></system-out>
  <system-err><![CDATA[]]></system-err>
</testsuite>
