<?xml version="1.0" encoding="UTF-8"?>
<testsuite name="com.example.leetcode.MedianOfTwoSortedArraysTest" tests="2" skipped="0" failures="0" errors="0" timestamp="2021-12-15T09:08:22" hostname="Nicholass-MBP-3" time="0.555">
  <properties/>
  <testcase name="[1] expected=2, array=[[1, 3], [2]]" classname="com.example.leetcode.MedianOfTwoSortedArraysTest" time="0.55"/>
  <testcase name="[2] expected=2.5, array=[[1, 2], [3, 4]]" classname="com.example.leetcode.MedianOfTwoSortedArraysTest" time="0.001"/>
  <system-out><![CDATA[]]></system-out>
  <system-err><![CDATA[]]></system-err>
</testsuite>
