<?xml version="1.0" encoding="UTF-8"?>
<testsuite name="com.example.leetcode.ZigZagConversionTest" tests="1" skipped="0" failures="0" errors="0" timestamp="2022-01-29T11:04:13" hostname="Nicholass-MBP-3" time="0.0">
  <properties/>
  <testcase name="convert()" classname="com.example.leetcode.ZigZagConversionTest" time="0.0"/>
  <system-out><![CDATA[]]></system-out>
  <system-err><![CDATA[]]></system-err>
</testsuite>
