<?xml version="1.0" encoding="UTF-8"?>
<testsuite name="com.example.leetcode.LongestPalindromicSubStringTest" tests="4" skipped="0" failures="0" errors="0" timestamp="2022-01-29T11:04:13" hostname="Nicholass-MBP-3" time="0.1">
  <properties/>
  <testcase name="[1] s=babad, expected=aba" classname="com.example.leetcode.LongestPalindromicSubStringTest" time="0.097"/>
  <testcase name="[2] s=a, expected=a" classname="com.example.leetcode.LongestPalindromicSubStringTest" time="0.001"/>
  <testcase name="[3] s=ac, expected=c" classname="com.example.leetcode.LongestPalindromicSubStringTest" time="0.0"/>
  <testcase name="[4] s=cbbd, expected=bb" classname="com.example.leetcode.LongestPalindromicSubStringTest" time="0.0"/>
  <system-out><![CDATA[]]></system-out>
  <system-err><![CDATA[]]></system-err>
</testsuite>
