<?xml version="1.0" encoding="UTF-8"?>
<testsuite name="com.example.leetcode.ValidParenthesisTest" tests="4" skipped="0" failures="0" errors="0" timestamp="2022-01-29T11:04:16" hostname="Nicholass-MBP-3" time="0.05">
  <properties/>
  <testcase name="Should return false if Open brackets must closed in incorrect order()" classname="com.example.leetcode.ValidParenthesisTest" time="0.047"/>
  <testcase name="Should return true if Open brackets must be closed by the same type of brackets()" classname="com.example.leetcode.ValidParenthesisTest" time="0.001"/>
  <testcase name="Should return false if Open brackets must be closed by different type of brackets()" classname="com.example.leetcode.ValidParenthesisTest" time="0.001"/>
  <testcase name="Should return true if Open brackets must be closed in the correct order()" classname="com.example.leetcode.ValidParenthesisTest" time="0.001"/>
  <system-out><![CDATA[]]></system-out>
  <system-err><![CDATA[]]></system-err>
</testsuite>
