<?xml version="1.0" encoding="UTF-8"?>
<testsuite name="com.example.leetcode.LeetcodeApplicationTests" tests="1" skipped="0" failures="0" errors="0" timestamp="2021-11-18T01:55:09" hostname="Nick-Ang" time="0.418">
  <properties/>
  <testcase name="contextLoads()" classname="com.example.leetcode.LeetcodeApplicationTests" time="0.418"/>
  <system-out><![CDATA[12:55:06.329 [Test worker] DEBUG org.springframework.test.context.BootstrapUtils - Instantiating CacheAwareContextLoaderDelegate from class [org.springframework.test.context.cache.DefaultCacheAwareContextLoaderDelegate]
12:55:06.344 [Test worker] DEBUG org.springframework.test.context.BootstrapUtils - Instantiating BootstrapContext using constructor [public org.springframework.test.context.support.DefaultBootstrapContext(java.lang.Class,org.springframework.test.context.CacheAwareContextLoaderDelegate)]
12:55:06.380 [Test worker] DEBUG org.springframework.test.context.BootstrapUtils - Instantiating TestContextBootstrapper for test class [com.example.leetcode.LeetcodeApplicationTests] from class [org.springframework.boot.test.context.SpringBootTestContextBootstrapper]
12:55:06.397 [Test worker] INFO org.springframework.boot.test.context.SpringBootTestContextBootstrapper - Neither @ContextConfiguration nor @ContextHierarchy found for test class [com.example.leetcode.LeetcodeApplicationTests], using SpringBootContextLoader
12:55:06.401 [Test worker] DEBUG org.springframework.test.context.support.AbstractContextLoader - Did not detect default resource location for test class [com.example.leetcode.LeetcodeApplicationTests]: class path resource [com/example/leetcode/LeetcodeApplicationTests-context.xml] does not exist
12:55:06.402 [Test worker] DEBUG org.springframework.test.context.support.AbstractContextLoader - Did not detect default resource location for test class [com.example.leetcode.LeetcodeApplicationTests]: class path resource [com/example/leetcode/LeetcodeApplicationTestsContext.groovy] does not exist
12:55:06.402 [Test worker] INFO org.springframework.test.context.support.AbstractContextLoader - Could not detect default resource locations for test class [com.example.leetcode.LeetcodeApplicationTests]: no resource found for suffixes {-context.xml, Context.groovy}.
12:55:06.403 [Test worker] INFO org.springframework.test.context.support.AnnotationConfigContextLoaderUtils - Could not detect default configuration classes for test class [com.example.leetcode.LeetcodeApplicationTests]: LeetcodeApplicationTests does not declare any static, non-private, non-final, nested classes annotated with @Configuration.
12:55:06.456 [Test worker] DEBUG org.springframework.test.context.support.ActiveProfilesUtils - Could not find an 'annotation declaring class' for annotation type [org.springframework.test.context.ActiveProfiles] and class [com.example.leetcode.LeetcodeApplicationTests]
12:55:06.513 [Test worker] DEBUG org.springframework.context.annotation.ClassPathScanningCandidateComponentProvider - Identified candidate component class: file [/Users/nick.ang/Code/Leet-spring/build/classes/kotlin/main/com/example/leetcode/LeetcodeApplication.class]
12:55:06.515 [Test worker] INFO org.springframework.boot.test.context.SpringBootTestContextBootstrapper - Found @SpringBootConfiguration com.example.leetcode.LeetcodeApplication for test class com.example.leetcode.LeetcodeApplicationTests
12:55:06.594 [Test worker] DEBUG org.springframework.boot.test.context.SpringBootTestContextBootstrapper - @TestExecutionListeners is not present for class [com.example.leetcode.LeetcodeApplicationTests]: using defaults.
12:55:06.595 [Test worker] INFO org.springframework.boot.test.context.SpringBootTestContextBootstrapper - Loaded default TestExecutionListener class names from location [META-INF/spring.factories]: [org.springframework.boot.test.autoconfigure.restdocs.RestDocsTestExecutionListener, org.springframework.boot.test.autoconfigure.web.client.MockRestServiceServerResetTestExecutionListener, org.springframework.boot.test.autoconfigure.web.servlet.MockMvcPrintOnlyOnFailureTestExecutionListener, org.springframework.boot.test.autoconfigure.web.servlet.WebDriverTestExecutionListener, org.springframework.boot.test.autoconfigure.webservices.client.MockWebServiceServerTestExecutionListener, org.springframework.boot.test.mock.mockito.MockitoTestExecutionListener, org.springframework.boot.test.mock.mockito.ResetMocksTestExecutionListener, org.springframework.test.context.web.ServletTestExecutionListener, org.springframework.test.context.support.DirtiesContextBeforeModesTestExecutionListener, org.springframework.test.context.event.ApplicationEventsTestExecutionListener, org.springframework.test.context.support.DependencyInjectionTestExecutionListener, org.springframework.test.context.support.DirtiesContextTestExecutionListener, org.springframework.test.context.transaction.TransactionalTestExecutionListener, org.springframework.test.context.jdbc.SqlScriptsTestExecutionListener, org.springframework.test.context.event.EventPublishingTestExecutionListener]
12:55:06.612 [Test worker] INFO org.springframework.boot.test.context.SpringBootTestContextBootstrapper - Using TestExecutionListeners: [org.springframework.test.context.web.ServletTestExecutionListener@24d4d7c9, org.springframework.test.context.support.DirtiesContextBeforeModesTestExecutionListener@f0e995e, org.springframework.test.context.event.ApplicationEventsTestExecutionListener@4c37b5b, org.springframework.boot.test.mock.mockito.MockitoTestExecutionListener@73db4768, org.springframework.boot.test.autoconfigure.SpringBootDependencyInjectionTestExecutionListener@71b3bc45, org.springframework.test.context.support.DirtiesContextTestExecutionListener@a8c1f44, org.springframework.test.context.transaction.TransactionalTestExecutionListener@150ab4ed, org.springframework.test.context.jdbc.SqlScriptsTestExecutionListener@3c435123, org.springframework.test.context.event.EventPublishingTestExecutionListener@50fe837a, org.springframework.boot.test.autoconfigure.restdocs.RestDocsTestExecutionListener@3a62c01e, org.springframework.boot.test.autoconfigure.web.client.MockRestServiceServerResetTestExecutionListener@7a8fa663, org.springframework.boot.test.autoconfigure.web.servlet.MockMvcPrintOnlyOnFailureTestExecutionListener@5ce33a58, org.springframework.boot.test.autoconfigure.web.servlet.WebDriverTestExecutionListener@78a287ed, org.springframework.boot.test.autoconfigure.webservices.client.MockWebServiceServerTestExecutionListener@546ccad7, org.springframework.boot.test.mock.mockito.ResetMocksTestExecutionListener@5357c287]
12:55:06.615 [Test worker] DEBUG org.springframework.test.context.support.AbstractDirtiesContextTestExecutionListener - Before test class: context [DefaultTestContext@6e1d8f9e testClass = LeetcodeApplicationTests, testInstance = [null], testMethod = [null], testException = [null], mergedContextConfiguration = [WebMergedContextConfiguration@3e34ace1 testClass = LeetcodeApplicationTests, locations = '{}', classes = '{class com.example.leetcode.LeetcodeApplication}', contextInitializerClasses = '[]', activeProfiles = '{}', propertySourceLocations = '{}', propertySourceProperties = '{org.springframework.boot.test.context.SpringBootTestContextBootstrapper=true}', contextCustomizers = set[org.springframework.boot.test.autoconfigure.actuate.metrics.MetricsExportContextCustomizerFactory$DisableMetricExportContextCustomizer@7c8c9a05, org.springframework.boot.test.autoconfigure.properties.PropertyMappingContextCustomizer@0, org.springframework.boot.test.autoconfigure.web.servlet.WebDriverContextCustomizerFactory$Customizer@5a2d131d, org.springframework.boot.test.context.filter.ExcludeFilterContextCustomizer@1c93f6e1, org.springframework.boot.test.json.DuplicateJsonObjectContextCustomizerFactory$DuplicateJsonObjectContextCustomizer@10a9d961, org.springframework.boot.test.mock.mockito.MockitoContextCustomizer@0, org.springframework.boot.test.web.client.TestRestTemplateContextCustomizer@1603cd68, org.springframework.boot.test.context.SpringBootTestArgs@1, org.springframework.boot.test.context.SpringBootTestWebEnvironment@3f56875e], resourceBasePath = 'src/main/webapp', contextLoader = 'org.springframework.boot.test.context.SpringBootContextLoader', parent = [null]], attributes = map['org.springframework.test.context.web.ServletTestExecutionListener.activateListener' -> true]], class annotated with @DirtiesContext [false] with mode [null].
12:55:06.641 [Test worker] DEBUG org.springframework.test.context.support.TestPropertySourceUtils - Adding inlined properties to environment: {spring.jmx.enabled=false, org.springframework.boot.test.context.SpringBootTestContextBootstrapper=true}

  .   ____          _            __ _ _
 /\\ / ___'_ __ _ _(_)_ __  __ _ \ \ \ \
( ( )\___ | '_ | '_| | '_ \/ _` | \ \ \ \
 \\/  ___)| |_)| | | | | || (_| |  ) ) ) )
  '  |____| .__|_| |_|_| |_\__, | / / / /
 =========|_|==============|___/=/_/_/_/
 :: Spring Boot ::                (v2.5.6)

2021-11-18 12:55:06.882  INFO 93417 --- [    Test worker] c.e.leetcode.LeetcodeApplicationTests    : Starting LeetcodeApplicationTests using Java 14.0.2 on Nick-Ang with PID 93417 (started by nick.ang in /Users/nick.ang/Code/Leet-spring)
2021-11-18 12:55:06.885  INFO 93417 --- [    Test worker] c.e.leetcode.LeetcodeApplicationTests    : No active profile set, falling back to default profiles: default
2021-11-18 12:55:08.872  INFO 93417 --- [    Test worker] o.s.b.a.e.web.EndpointLinksResolver      : Exposing 1 endpoint(s) beneath base path '/actuator'
2021-11-18 12:55:08.926  INFO 93417 --- [    Test worker] c.e.leetcode.LeetcodeApplicationTests    : Started LeetcodeApplicationTests in 2.279 seconds (JVM running for 3.501)
]]></system-out>
  <system-err><![CDATA[]]></system-err>
</testsuite>
