<?xml version="1.0" encoding="UTF-8"?>
<testsuite name="com.example.leetcode.AddTwoLinkedListsTest" tests="1" skipped="0" failures="0" errors="0" timestamp="2021-12-03T14:59:52" hostname="Nick-Ang" time="0.671">
  <properties/>
  <testcase name="addTwoNumbers()" classname="com.example.leetcode.AddTwoLinkedListsTest" time="0.671"/>
  <system-out><![CDATA[01:59:52.355 [Test worker] INFO com.example.leetcode.AddTwoLinkedLists - Result - [7, 0, 8] | Expected - [7, 0, 8]
]]></system-out>
  <system-err><![CDATA[]]></system-err>
</testsuite>
