<?xml version="1.0" encoding="UTF-8"?>
<testsuite name="com.example.leetcode.ContainerWithMostWaterTest" tests="1" skipped="0" failures="0" errors="0" timestamp="2022-01-29T11:04:13" hostname="Nicholass-MBP-3" time="0.112">
  <properties/>
  <testcase name="Shouldreturn16()" classname="com.example.leetcode.ContainerWithMostWaterTest" time="0.112"/>
  <system-out><![CDATA[]]></system-out>
  <system-err><![CDATA[]]></system-err>
</testsuite>
