<?xml version="1.0" encoding="UTF-8"?>
<testsuite name="com.example.leetcode.LeetcodeApplicationTests" tests="1" skipped="0" failures="0" errors="0" timestamp="2022-01-29T11:04:16" hostname="Nicholass-MBP-3" time="0.36">
  <properties/>
  <testcase name="contextLoads()" classname="com.example.leetcode.LeetcodeApplicationTests" time="0.36"/>
  <system-out><![CDATA[22:04:13.485 [Test worker] DEBUG org.springframework.test.context.BootstrapUtils - Instantiating CacheAwareContextLoaderDelegate from class [org.springframework.test.context.cache.DefaultCacheAwareContextLoaderDelegate]
22:04:13.498 [Test worker] DEBUG org.springframework.test.context.BootstrapUtils - Instantiating BootstrapContext using constructor [public org.springframework.test.context.support.DefaultBootstrapContext(java.lang.Class,org.springframework.test.context.CacheAwareContextLoaderDelegate)]
22:04:13.532 [Test worker] DEBUG org.springframework.test.context.BootstrapUtils - Instantiating TestContextBootstrapper for test class [com.example.leetcode.LeetcodeApplicationTests] from class [org.springframework.boot.test.context.SpringBootTestContextBootstrapper]
22:04:13.548 [Test worker] INFO org.springframework.boot.test.context.SpringBootTestContextBootstrapper - Neither @ContextConfiguration nor @ContextHierarchy found for test class [com.example.leetcode.LeetcodeApplicationTests], using SpringBootContextLoader
22:04:13.552 [Test worker] DEBUG org.springframework.test.context.support.AbstractContextLoader - Did not detect default resource location for test class [com.example.leetcode.LeetcodeApplicationTests]: class path resource [com/example/leetcode/LeetcodeApplicationTests-context.xml] does not exist
22:04:13.552 [Test worker] DEBUG org.springframework.test.context.support.AbstractContextLoader - Did not detect default resource location for test class [com.example.leetcode.LeetcodeApplicationTests]: class path resource [com/example/leetcode/LeetcodeApplicationTestsContext.groovy] does not exist
22:04:13.552 [Test worker] INFO org.springframework.test.context.support.AbstractContextLoader - Could not detect default resource locations for test class [com.example.leetcode.LeetcodeApplicationTests]: no resource found for suffixes {-context.xml, Context.groovy}.
22:04:13.553 [Test worker] INFO org.springframework.test.context.support.AnnotationConfigContextLoaderUtils - Could not detect default configuration classes for test class [com.example.leetcode.LeetcodeApplicationTests]: LeetcodeApplicationTests does not declare any static, non-private, non-final, nested classes annotated with @Configuration.
22:04:13.604 [Test worker] DEBUG org.springframework.test.context.support.ActiveProfilesUtils - Could not find an 'annotation declaring class' for annotation type [org.springframework.test.context.ActiveProfiles] and class [com.example.leetcode.LeetcodeApplicationTests]
22:04:13.663 [Test worker] DEBUG org.springframework.context.annotation.ClassPathScanningCandidateComponentProvider - Identified candidate component class: file [/Users/nicholasang/code/nick-ang/Leet-spring/build/classes/kotlin/main/com/example/leetcode/LeetcodeApplication.class]
22:04:13.664 [Test worker] INFO org.springframework.boot.test.context.SpringBootTestContextBootstrapper - Found @SpringBootConfiguration com.example.leetcode.LeetcodeApplication for test class com.example.leetcode.LeetcodeApplicationTests
22:04:13.751 [Test worker] DEBUG org.springframework.boot.test.context.SpringBootTestContextBootstrapper - @TestExecutionListeners is not present for class [com.example.leetcode.LeetcodeApplicationTests]: using defaults.
22:04:13.751 [Test worker] INFO org.springframework.boot.test.context.SpringBootTestContextBootstrapper - Loaded default TestExecutionListener class names from location [META-INF/spring.factories]: [org.springframework.boot.test.autoconfigure.restdocs.RestDocsTestExecutionListener, org.springframework.boot.test.autoconfigure.web.client.MockRestServiceServerResetTestExecutionListener, org.springframework.boot.test.autoconfigure.web.servlet.MockMvcPrintOnlyOnFailureTestExecutionListener, org.springframework.boot.test.autoconfigure.web.servlet.WebDriverTestExecutionListener, org.springframework.boot.test.autoconfigure.webservices.client.MockWebServiceServerTestExecutionListener, org.springframework.boot.test.mock.mockito.MockitoTestExecutionListener, org.springframework.boot.test.mock.mockito.ResetMocksTestExecutionListener, org.springframework.test.context.web.ServletTestExecutionListener, org.springframework.test.context.support.DirtiesContextBeforeModesTestExecutionListener, org.springframework.test.context.event.ApplicationEventsTestExecutionListener, org.springframework.test.context.support.DependencyInjectionTestExecutionListener, org.springframework.test.context.support.DirtiesContextTestExecutionListener, org.springframework.test.context.transaction.TransactionalTestExecutionListener, org.springframework.test.context.jdbc.SqlScriptsTestExecutionListener, org.springframework.test.context.event.EventPublishingTestExecutionListener]
22:04:13.771 [Test worker] INFO org.springframework.boot.test.context.SpringBootTestContextBootstrapper - Using TestExecutionListeners: [org.springframework.test.context.web.ServletTestExecutionListener@404eca05, org.springframework.test.context.support.DirtiesContextBeforeModesTestExecutionListener@58b91d57, org.springframework.test.context.event.ApplicationEventsTestExecutionListener@61a91c9b, org.springframework.boot.test.mock.mockito.MockitoTestExecutionListener@17092fff, org.springframework.boot.test.autoconfigure.SpringBootDependencyInjectionTestExecutionListener@2121d1f9, org.springframework.test.context.support.DirtiesContextTestExecutionListener@31e2232f, org.springframework.test.context.transaction.TransactionalTestExecutionListener@1806bc4c, org.springframework.test.context.jdbc.SqlScriptsTestExecutionListener@462e1e64, org.springframework.test.context.event.EventPublishingTestExecutionListener@69afa141, org.springframework.boot.test.autoconfigure.restdocs.RestDocsTestExecutionListener@49f40c00, org.springframework.boot.test.autoconfigure.web.client.MockRestServiceServerResetTestExecutionListener@643d2dae, org.springframework.boot.test.autoconfigure.web.servlet.MockMvcPrintOnlyOnFailureTestExecutionListener@52d6d273, org.springframework.boot.test.autoconfigure.web.servlet.WebDriverTestExecutionListener@4667c4c1, org.springframework.boot.test.autoconfigure.webservices.client.MockWebServiceServerTestExecutionListener@2f9a4401, org.springframework.boot.test.mock.mockito.ResetMocksTestExecutionListener@22c75c01]
22:04:13.775 [Test worker] DEBUG org.springframework.test.context.support.AbstractDirtiesContextTestExecutionListener - Before test class: context [DefaultTestContext@2ff7a73 testClass = LeetcodeApplicationTests, testInstance = [null], testMethod = [null], testException = [null], mergedContextConfiguration = [WebMergedContextConfiguration@38830ea testClass = LeetcodeApplicationTests, locations = '{}', classes = '{class com.example.leetcode.LeetcodeApplication}', contextInitializerClasses = '[]', activeProfiles = '{}', propertySourceLocations = '{}', propertySourceProperties = '{org.springframework.boot.test.context.SpringBootTestContextBootstrapper=true}', contextCustomizers = set[org.springframework.boot.test.autoconfigure.actuate.metrics.MetricsExportContextCustomizerFactory$DisableMetricExportContextCustomizer@554f0dfb, org.springframework.boot.test.autoconfigure.properties.PropertyMappingContextCustomizer@0, org.springframework.boot.test.autoconfigure.web.servlet.WebDriverContextCustomizerFactory$Customizer@5c77ba8f, org.springframework.boot.test.context.filter.ExcludeFilterContextCustomizer@4a734c04, org.springframework.boot.test.json.DuplicateJsonObjectContextCustomizerFactory$DuplicateJsonObjectContextCustomizer@35c12c7a, org.springframework.boot.test.mock.mockito.MockitoContextCustomizer@0, org.springframework.boot.test.web.client.TestRestTemplateContextCustomizer@46c269e0, org.springframework.boot.test.context.SpringBootTestArgs@1, org.springframework.boot.test.context.SpringBootTestWebEnvironment@15bbf42f], resourceBasePath = 'src/main/webapp', contextLoader = 'org.springframework.boot.test.context.SpringBootContextLoader', parent = [null]], attributes = map['org.springframework.test.context.web.ServletTestExecutionListener.activateListener' -> true]], class annotated with @DirtiesContext [false] with mode [null].
22:04:13.805 [Test worker] DEBUG org.springframework.test.context.support.TestPropertySourceUtils - Adding inlined properties to environment: {spring.jmx.enabled=false, org.springframework.boot.test.context.SpringBootTestContextBootstrapper=true}

  .   ____          _            __ _ _
 /\\ / ___'_ __ _ _(_)_ __  __ _ \ \ \ \
( ( )\___ | '_ | '_| | '_ \/ _` | \ \ \ \
 \\/  ___)| |_)| | | | | || (_| |  ) ) ) )
  '  |____| .__|_| |_|_| |_\__, | / / / /
 =========|_|==============|___/=/_/_/_/
 :: Spring Boot ::                (v2.5.6)

2022-01-29 22:04:14.024  INFO 1793 --- [    Test worker] c.e.leetcode.LeetcodeApplicationTests    : Starting LeetcodeApplicationTests using Java 17 on Nicholass-MBP-3 with PID 1793 (started by nicholasang in /Users/nicholasang/code/nick-ang/Leet-spring)
2022-01-29 22:04:14.026  INFO 1793 --- [    Test worker] c.e.leetcode.LeetcodeApplicationTests    : No active profile set, falling back to default profiles: default
2022-01-29 22:04:16.109  INFO 1793 --- [    Test worker] o.s.b.a.e.web.EndpointLinksResolver      : Exposing 1 endpoint(s) beneath base path '/actuator'
2022-01-29 22:04:16.147  INFO 1793 --- [    Test worker] c.e.leetcode.LeetcodeApplicationTests    : Started LeetcodeApplicationTests in 2.336 seconds (JVM running for 4.542)
]]></system-out>
  <system-err><![CDATA[]]></system-err>
</testsuite>
