<?xml version="1.0" encoding="UTF-8"?>
<testsuite name="com.example.leetcode.ContainerWithMostWaterTest" tests="1" skipped="0" failures="0" errors="0" timestamp="2021-11-23T14:47:34" hostname="Nick-Ang" time="0.521">
  <properties/>
  <testcase name="Shouldreturn16()" classname="com.example.leetcode.ContainerWithMostWaterTest" time="0.521"/>
  <system-out><![CDATA[]]></system-out>
  <system-err><![CDATA[]]></system-err>
</testsuite>
