<?xml version="1.0" encoding="UTF-8"?>
<testsuite name="com.example.leetcode.LeetcodeApplicationTests" tests="1" skipped="0" failures="0" errors="0" timestamp="2021-11-23T14:47:37" hostname="Nick-Ang" time="0.318">
  <properties/>
  <testcase name="contextLoads()" classname="com.example.leetcode.LeetcodeApplicationTests" time="0.318"/>
  <system-out><![CDATA[01:47:35.235 [Test worker] DEBUG org.springframework.test.context.BootstrapUtils - Instantiating CacheAwareContextLoaderDelegate from class [org.springframework.test.context.cache.DefaultCacheAwareContextLoaderDelegate]
01:47:35.248 [Test worker] DEBUG org.springframework.test.context.BootstrapUtils - Instantiating BootstrapContext using constructor [public org.springframework.test.context.support.DefaultBootstrapContext(java.lang.Class,org.springframework.test.context.CacheAwareContextLoaderDelegate)]
01:47:35.282 [Test worker] DEBUG org.springframework.test.context.BootstrapUtils - Instantiating TestContextBootstrapper for test class [com.example.leetcode.LeetcodeApplicationTests] from class [org.springframework.boot.test.context.SpringBootTestContextBootstrapper]
01:47:35.294 [Test worker] INFO org.springframework.boot.test.context.SpringBootTestContextBootstrapper - Neither @ContextConfiguration nor @ContextHierarchy found for test class [com.example.leetcode.LeetcodeApplicationTests], using SpringBootContextLoader
01:47:35.297 [Test worker] DEBUG org.springframework.test.context.support.AbstractContextLoader - Did not detect default resource location for test class [com.example.leetcode.LeetcodeApplicationTests]: class path resource [com/example/leetcode/LeetcodeApplicationTests-context.xml] does not exist
01:47:35.298 [Test worker] DEBUG org.springframework.test.context.support.AbstractContextLoader - Did not detect default resource location for test class [com.example.leetcode.LeetcodeApplicationTests]: class path resource [com/example/leetcode/LeetcodeApplicationTestsContext.groovy] does not exist
01:47:35.298 [Test worker] INFO org.springframework.test.context.support.AbstractContextLoader - Could not detect default resource locations for test class [com.example.leetcode.LeetcodeApplicationTests]: no resource found for suffixes {-context.xml, Context.groovy}.
01:47:35.299 [Test worker] INFO org.springframework.test.context.support.AnnotationConfigContextLoaderUtils - Could not detect default configuration classes for test class [com.example.leetcode.LeetcodeApplicationTests]: LeetcodeApplicationTests does not declare any static, non-private, non-final, nested classes annotated with @Configuration.
01:47:35.334 [Test worker] DEBUG org.springframework.test.context.support.ActiveProfilesUtils - Could not find an 'annotation declaring class' for annotation type [org.springframework.test.context.ActiveProfiles] and class [com.example.leetcode.LeetcodeApplicationTests]
01:47:35.379 [Test worker] DEBUG org.springframework.context.annotation.ClassPathScanningCandidateComponentProvider - Identified candidate component class: file [/Users/nick.ang/Code/Leet-spring/build/classes/kotlin/main/com/example/leetcode/LeetcodeApplication.class]
01:47:35.381 [Test worker] INFO org.springframework.boot.test.context.SpringBootTestContextBootstrapper - Found @SpringBootConfiguration com.example.leetcode.LeetcodeApplication for test class com.example.leetcode.LeetcodeApplicationTests
01:47:35.445 [Test worker] DEBUG org.springframework.boot.test.context.SpringBootTestContextBootstrapper - @TestExecutionListeners is not present for class [com.example.leetcode.LeetcodeApplicationTests]: using defaults.
01:47:35.446 [Test worker] INFO org.springframework.boot.test.context.SpringBootTestContextBootstrapper - Loaded default TestExecutionListener class names from location [META-INF/spring.factories]: [org.springframework.boot.test.autoconfigure.restdocs.RestDocsTestExecutionListener, org.springframework.boot.test.autoconfigure.web.client.MockRestServiceServerResetTestExecutionListener, org.springframework.boot.test.autoconfigure.web.servlet.MockMvcPrintOnlyOnFailureTestExecutionListener, org.springframework.boot.test.autoconfigure.web.servlet.WebDriverTestExecutionListener, org.springframework.boot.test.autoconfigure.webservices.client.MockWebServiceServerTestExecutionListener, org.springframework.boot.test.mock.mockito.MockitoTestExecutionListener, org.springframework.boot.test.mock.mockito.ResetMocksTestExecutionListener, org.springframework.test.context.web.ServletTestExecutionListener, org.springframework.test.context.support.DirtiesContextBeforeModesTestExecutionListener, org.springframework.test.context.event.ApplicationEventsTestExecutionListener, org.springframework.test.context.support.DependencyInjectionTestExecutionListener, org.springframework.test.context.support.DirtiesContextTestExecutionListener, org.springframework.test.context.transaction.TransactionalTestExecutionListener, org.springframework.test.context.jdbc.SqlScriptsTestExecutionListener, org.springframework.test.context.event.EventPublishingTestExecutionListener]
01:47:35.457 [Test worker] INFO org.springframework.boot.test.context.SpringBootTestContextBootstrapper - Using TestExecutionListeners: [org.springframework.test.context.web.ServletTestExecutionListener@270b6b5e, org.springframework.test.context.support.DirtiesContextBeforeModesTestExecutionListener@7e94d093, org.springframework.test.context.event.ApplicationEventsTestExecutionListener@7c6189d5, org.springframework.boot.test.mock.mockito.MockitoTestExecutionListener@4248e66b, org.springframework.boot.test.autoconfigure.SpringBootDependencyInjectionTestExecutionListener@3e6534e7, org.springframework.test.context.support.DirtiesContextTestExecutionListener@66ad7bf0, org.springframework.test.context.transaction.TransactionalTestExecutionListener@167279d1, org.springframework.test.context.jdbc.SqlScriptsTestExecutionListener@138caeca, org.springframework.test.context.event.EventPublishingTestExecutionListener@4d96250, org.springframework.boot.test.autoconfigure.restdocs.RestDocsTestExecutionListener@9a6fbc0, org.springframework.boot.test.autoconfigure.web.client.MockRestServiceServerResetTestExecutionListener@c1fa7d4, org.springframework.boot.test.autoconfigure.web.servlet.MockMvcPrintOnlyOnFailureTestExecutionListener@7a93b263, org.springframework.boot.test.autoconfigure.web.servlet.WebDriverTestExecutionListener@35178483, org.springframework.boot.test.autoconfigure.webservices.client.MockWebServiceServerTestExecutionListener@bd1111a, org.springframework.boot.test.mock.mockito.ResetMocksTestExecutionListener@7a8136b3]
01:47:35.459 [Test worker] DEBUG org.springframework.test.context.support.AbstractDirtiesContextTestExecutionListener - Before test class: context [DefaultTestContext@3b46dd8 testClass = LeetcodeApplicationTests, testInstance = [null], testMethod = [null], testException = [null], mergedContextConfiguration = [WebMergedContextConfiguration@39651a82 testClass = LeetcodeApplicationTests, locations = '{}', classes = '{class com.example.leetcode.LeetcodeApplication}', contextInitializerClasses = '[]', activeProfiles = '{}', propertySourceLocations = '{}', propertySourceProperties = '{org.springframework.boot.test.context.SpringBootTestContextBootstrapper=true}', contextCustomizers = set[org.springframework.boot.test.autoconfigure.actuate.metrics.MetricsExportContextCustomizerFactory$DisableMetricExportContextCustomizer@512d4583, org.springframework.boot.test.autoconfigure.properties.PropertyMappingContextCustomizer@0, org.springframework.boot.test.autoconfigure.web.servlet.WebDriverContextCustomizerFactory$Customizer@48ea2003, org.springframework.boot.test.context.filter.ExcludeFilterContextCustomizer@1280851e, org.springframework.boot.test.json.DuplicateJsonObjectContextCustomizerFactory$DuplicateJsonObjectContextCustomizer@5972d253, org.springframework.boot.test.mock.mockito.MockitoContextCustomizer@0, org.springframework.boot.test.web.client.TestRestTemplateContextCustomizer@76911385, org.springframework.boot.test.context.SpringBootTestArgs@1, org.springframework.boot.test.context.SpringBootTestWebEnvironment@2abf4075], resourceBasePath = 'src/main/webapp', contextLoader = 'org.springframework.boot.test.context.SpringBootContextLoader', parent = [null]], attributes = map['org.springframework.test.context.web.ServletTestExecutionListener.activateListener' -> true]], class annotated with @DirtiesContext [false] with mode [null].
01:47:35.477 [Test worker] DEBUG org.springframework.test.context.support.TestPropertySourceUtils - Adding inlined properties to environment: {spring.jmx.enabled=false, org.springframework.boot.test.context.SpringBootTestContextBootstrapper=true}

  .   ____          _            __ _ _
 /\\ / ___'_ __ _ _(_)_ __  __ _ \ \ \ \
( ( )\___ | '_ | '_| | '_ \/ _` | \ \ \ \
 \\/  ___)| |_)| | | | | || (_| |  ) ) ) )
  '  |____| .__|_| |_|_| |_\__, | / / / /
 =========|_|==============|___/=/_/_/_/
 :: Spring Boot ::                (v2.5.6)

2021-11-24 01:47:35.700  INFO 7290 --- [    Test worker] c.e.leetcode.LeetcodeApplicationTests    : Starting LeetcodeApplicationTests using Java 14.0.2 on Nick-Ang with PID 7290 (started by nick.ang in /Users/nick.ang/Code/Leet-spring)
2021-11-24 01:47:35.702  INFO 7290 --- [    Test worker] c.e.leetcode.LeetcodeApplicationTests    : No active profile set, falling back to default profiles: default
2021-11-24 01:47:37.489  INFO 7290 --- [    Test worker] o.s.b.a.e.web.EndpointLinksResolver      : Exposing 1 endpoint(s) beneath base path '/actuator'
2021-11-24 01:47:37.540  INFO 7290 --- [    Test worker] c.e.leetcode.LeetcodeApplicationTests    : Started LeetcodeApplicationTests in 2.058 seconds (JVM running for 3.463)
]]></system-out>
  <system-err><![CDATA[]]></system-err>
</testsuite>
