<?xml version="1.0" encoding="UTF-8"?>
<testsuite name="com.example.leetcode.TwoSumTest" tests="1" skipped="0" failures="0" errors="0" timestamp="2021-11-18T01:55:09" hostname="Nick-Ang" time="0.004">
  <properties/>
  <testcase name="two sum output is correct()" classname="com.example.leetcode.TwoSumTest" time="0.004"/>
  <system-out><![CDATA[]]></system-out>
  <system-err><![CDATA[]]></system-err>
</testsuite>
